0 info it worked if it ends with ok
1 verbose cli [ '/usr/bin/node', '/usr/bin/npm', 'run', 'coverage' ]
2 info using npm@3.5.2
3 info using node@v8.10.0
4 verbose run-script [ 'precoverage', 'coverage', 'postcoverage' ]
5 info lifecycle quick-credit@1.0.0~precoverage: quick-credit@1.0.0
6 silly lifecycle quick-credit@1.0.0~precoverage: no script for precoverage, continuing
7 info lifecycle quick-credit@1.0.0~coverage: quick-credit@1.0.0
8 verbose lifecycle quick-credit@1.0.0~coverage: unsafe-perm in lifecycle true
9 verbose lifecycle quick-credit@1.0.0~coverage: PATH: /usr/share/npm/bin/node-gyp-bin:/home/kodek-sleuth/Desktop/Quick-credit/node_modules/.bin:/home/kodek-sleuth/.local/bin:/home/kodek-sleuth/.local/bin:/usr/local/sbin:/usr/local/bin:/usr/sbin:/usr/bin:/sbin:/bin:/usr/games:/usr/local/games:/snap/bin
10 verbose lifecycle quick-credit@1.0.0~coverage: CWD: /home/kodek-sleuth/Desktop/Quick-credit
11 silly lifecycle quick-credit@1.0.0~coverage: Args: [ '-c',
11 silly lifecycle   'nyc npm test && nyc report --reporter=text-lcov | coveralls' ]
12 silly lifecycle quick-credit@1.0.0~coverage: Returned: code: 1  signal: null
13 info lifecycle quick-credit@1.0.0~coverage: Failed to exec coverage script
14 verbose stack Error: quick-credit@1.0.0 coverage: `nyc npm test && nyc report --reporter=text-lcov | coveralls`
14 verbose stack Exit status 1
14 verbose stack     at EventEmitter.<anonymous> (/usr/share/npm/lib/utils/lifecycle.js:232:16)
14 verbose stack     at emitTwo (events.js:126:13)
14 verbose stack     at EventEmitter.emit (events.js:214:7)
14 verbose stack     at ChildProcess.<anonymous> (/usr/share/npm/lib/utils/spawn.js:24:14)
14 verbose stack     at emitTwo (events.js:126:13)
14 verbose stack     at ChildProcess.emit (events.js:214:7)
14 verbose stack     at maybeClose (internal/child_process.js:925:16)
14 verbose stack     at Process.ChildProcess._handle.onexit (internal/child_process.js:209:5)
15 verbose pkgid quick-credit@1.0.0
16 verbose cwd /home/kodek-sleuth/Desktop/Quick-credit
17 error Linux 4.15.0-46-generic
18 error argv "/usr/bin/node" "/usr/bin/npm" "run" "coverage"
19 error node v8.10.0
20 error npm  v3.5.2
21 error code ELIFECYCLE
22 error quick-credit@1.0.0 coverage: `nyc npm test && nyc report --reporter=text-lcov | coveralls`
22 error Exit status 1
23 error Failed at the quick-credit@1.0.0 coverage script 'nyc npm test && nyc report --reporter=text-lcov | coveralls'.
23 error Make sure you have the latest version of node.js and npm installed.
23 error If you do, this is most likely a problem with the quick-credit package,
23 error not with npm itself.
23 error Tell the author that this fails on your system:
23 error     nyc npm test && nyc report --reporter=text-lcov | coveralls
23 error You can get information on how to open an issue for this project with:
23 error     npm bugs quick-credit
23 error Or if that isn't available, you can get their info via:
23 error     npm owner ls quick-credit
23 error There is likely additional logging output above.
24 verbose exit [ 1, true ]
